<?xml version="1.0" encoding="UTF-8"?>
<!-- Generated by org.testng.reporters.JUnitReportReporter -->
<testsuite skipped="0" hostname="DESKTOP-79QFOE9" name="TestCases.LoginTest" tests="1" failures="0" timestamp="12 Jan 2021 05:38:31 GMT" time="12.776" errors="0">
  <testcase name="login" time="12.776" classname="TestCases.LoginTest"/>
</testsuite> <!-- TestCases.LoginTest -->
