<?xml version="1.0" encoding="UTF-8"?>
<!-- Generated by org.testng.reporters.JUnitReportReporter -->
<testsuite skipped="0" hostname="DESKTOP-79QFOE9" name="TestCases.PurchaseSeries_ViaEpisodeTest" tests="1" failures="0" timestamp="12 Jan 2021 09:33:32 GMT" time="51.352" errors="0">
  <testcase name="PurchaseSeries_contentflowViaEpisodeSection" time="51.352" classname="TestCases.PurchaseSeries_ViaEpisodeTest"/>
</testsuite> <!-- TestCases.PurchaseSeries_ViaEpisodeTest -->
