<?xml version="1.0" encoding="UTF-8"?>
<!-- Generated by org.testng.reporters.JUnitReportReporter -->
<testsuite skipped="0" hostname="DESKTOP-79QFOE9" name="TestCases.AddToWatchListTest" tests="1" failures="0" timestamp="11 Jan 2021 04:26:45 GMT" time="41.324" errors="0">
  <testcase name="addToWatchListButton" time="41.324" classname="TestCases.AddToWatchListTest"/>
</testsuite> <!-- TestCases.AddToWatchListTest -->
