<?xml version="1.0" encoding="UTF-8"?>
<!-- Generated by org.testng.reporters.JUnitReportReporter -->
<testsuite skipped="0" hostname="DESKTOP-79QFOE9" name="TestCases.LogoutTest" tests="2" failures="0" timestamp="05 Jan 2021 06:55:10 GMT" time="14.621" errors="0">
  <testcase name="Logout" time="6.802" classname="TestCases.LogoutTest"/>
  <testcase name="Logout" time="7.819" classname="TestCases.LogoutTest"/>
</testsuite> <!-- TestCases.LogoutTest -->
