<?xml version="1.0" encoding="UTF-8"?>
<!-- Generated by org.testng.reporters.JUnitReportReporter -->
<testsuite skipped="0" hostname="DESKTOP-79QFOE9" name="TestCases.AboutTest" tests="1" failures="0" timestamp="04 Jan 2021 09:48:04 GMT" time="34.063" errors="0">
  <testcase name="helpPage" time="34.063" classname="TestCases.AboutTest"/>
</testsuite> <!-- TestCases.AboutTest -->
