<?xml version="1.0" encoding="UTF-8"?>
<!-- Generated by org.testng.reporters.JUnitReportReporter -->
<testsuite skipped="0" hostname="DESKTOP-79QFOE9" name="TestCases.LoginTest" tests="1" failures="0" timestamp="05 Jan 2021 06:55:10 GMT" time="9.130" errors="0">
  <testcase name="login" time="9.130" classname="TestCases.LoginTest"/>
</testsuite> <!-- TestCases.LoginTest -->
