<?xml version="1.0" encoding="UTF-8"?>
<!-- Generated by org.testng.reporters.JUnitReportReporter -->
<testsuite skipped="0" hostname="DESKTOP-79QFOE9" name="TestCases.LoginViaFreeContentTest" tests="1" failures="0" timestamp="10 Jan 2021 09:08:46 GMT" time="25.509" errors="0">
  <testcase name="loginViaFreeContentDetailpage" time="25.509" classname="TestCases.LoginViaFreeContentTest"/>
</testsuite> <!-- TestCases.LoginViaFreeContentTest -->
