<?xml version="1.0" encoding="UTF-8"?>
<!-- Generated by org.testng.reporters.JUnitReportReporter -->
<testsuite skipped="0" hostname="DESKTOP-79QFOE9" name="TestCases.LoginPageNegetiveTest_WithoutEnteringthePassword" tests="1" failures="0" timestamp="10 Jan 2021 10:11:51 GMT" time="6.727" errors="0">
  <testcase name="LoginPageNegetiveTestCase_WithoutEnteringthePassword" time="6.727" classname="TestCases.LoginPageNegetiveTest_WithoutEnteringthePassword"/>
</testsuite> <!-- TestCases.LoginPageNegetiveTest_WithoutEnteringthePassword -->
