<?xml version="1.0" encoding="UTF-8"?>
<!-- Generated by org.testng.reporters.JUnitReportReporter -->
<testsuite skipped="0" hostname="DESKTOP-79QFOE9" name="TestCases.PlayTrailerTest" tests="1" failures="0" timestamp="06 Jan 2021 03:55:51 GMT" time="22.385" errors="0">
  <testcase name="playTrailer" time="22.385" classname="TestCases.PlayTrailerTest"/>
</testsuite> <!-- TestCases.PlayTrailerTest -->
