<?xml version="1.0" encoding="UTF-8"?>
<!-- Generated by org.testng.reporters.JUnitReportReporter -->
<testsuite skipped="0" hostname="DESKTOP-79QFOE9" name="TestCases.AboutTest" tests="1" failures="0" timestamp="10 Jan 2021 10:25:17 GMT" time="39.414" errors="0">
  <testcase name="helpPage" time="39.414" classname="TestCases.AboutTest"/>
</testsuite> <!-- TestCases.AboutTest -->
