<?xml version="1.0" encoding="UTF-8"?>
<!-- Generated by org.testng.reporters.JUnitReportReporter -->
<testsuite skipped="0" hostname="DESKTOP-79QFOE9" name="TestCases.ForgotPasswordNegetiveCaseTest" tests="1" failures="0" timestamp="10 Jan 2021 10:04:56 GMT" time="7.841" errors="0">
  <testcase name="forgotPasswordNegetiveCases" time="7.841" classname="TestCases.ForgotPasswordNegetiveCaseTest"/>
</testsuite> <!-- TestCases.ForgotPasswordNegetiveCaseTest -->
