<?xml version="1.0" encoding="UTF-8"?>
<!-- Generated by org.testng.reporters.JUnitReportReporter -->
<testsuite skipped="0" hostname="DESKTOP-79QFOE9" name="TestCases.PlayerSubtitleTest" tests="1" failures="0" timestamp="12 Jan 2021 08:54:51 GMT" time="41.130" errors="0">
  <testcase name="listAndPrintTheSelectedSubtitle" time="41.130" classname="TestCases.PlayerSubtitleTest"/>
</testsuite> <!-- TestCases.PlayerSubtitleTest -->
