<?xml version="1.0" encoding="UTF-8"?>
<!-- Generated by org.testng.reporters.JUnitReportReporter -->
<testsuite skipped="0" hostname="DESKTOP-79QFOE9" name="TestCases.PurchaseSeriesContent" tests="1" failures="0" timestamp="11 Jan 2021 09:07:00 GMT" time="29.950" errors="0">
  <testcase name="PurchaseLiveContent" time="29.950" classname="TestCases.PurchaseSeriesContent"/>
</testsuite> <!-- TestCases.PurchaseSeriesContent -->
