<?xml version="1.0" encoding="UTF-8"?>
<!-- Generated by org.testng.reporters.JUnitReportReporter -->
<testsuite skipped="0" hostname="DESKTOP-79QFOE9" name="TestCases.FBSignUpTest" tests="1" failures="0" timestamp="05 Jan 2021 06:55:10 GMT" time="17.280" errors="0">
  <testcase name="fbSignUp" time="17.280" classname="TestCases.FBSignUpTest"/>
</testsuite> <!-- TestCases.FBSignUpTest -->
