<?xml version="1.0" encoding="UTF-8"?>
<!-- Generated by org.testng.reporters.JUnitReportReporter -->
<testsuite skipped="0" hostname="DESKTOP-79QFOE9" name="TestCases.SearchTest" tests="1" failures="0" timestamp="11 Jan 2021 06:04:10 GMT" time="13.235" errors="0">
  <testcase name="search" time="13.235" classname="TestCases.SearchTest"/>
</testsuite> <!-- TestCases.SearchTest -->
