<?xml version="1.0" encoding="UTF-8"?>
<!-- Generated by org.testng.reporters.JUnitReportReporter -->
<testsuite skipped="0" hostname="DESKTOP-79QFOE9" name="TestCases.DislikeContentTest" tests="1" failures="0" timestamp="11 Jan 2021 04:09:27 GMT" time="8.288" errors="0">
  <testcase name="clickOnDisLikeButton" time="8.288" classname="TestCases.DislikeContentTest"/>
</testsuite> <!-- TestCases.DislikeContentTest -->
