<?xml version="1.0" encoding="UTF-8"?>
<!-- Generated by org.testng.reporters.JUnitReportReporter -->
<testsuite skipped="0" hostname="DESKTOP-79QFOE9" name="TestCases.PlayerAudioTest" tests="1" failures="0" timestamp="12 Jan 2021 08:54:51 GMT" time="3.869" errors="0">
  <testcase name="listAndPrintTheSelectedAudio" time="3.869" classname="TestCases.PlayerAudioTest"/>
</testsuite> <!-- TestCases.PlayerAudioTest -->
