<?xml version="1.0" encoding="UTF-8"?>
<!-- Generated by org.testng.reporters.JUnitReportReporter -->
<testsuite skipped="0" hostname="DESKTOP-79QFOE9" name="TestCases.LoginTest" tests="1" failures="0" timestamp="04 Jan 2021 11:22:12 GMT" time="8.953" errors="0">
  <testcase name="login" time="8.953" classname="TestCases.LoginTest"/>
</testsuite> <!-- TestCases.LoginTest -->
