<?xml version="1.0" encoding="UTF-8"?>
<!-- Generated by org.testng.reporters.JUnitReportReporter -->
<testsuite skipped="0" hostname="DESKTOP-79QFOE9" name="TestCases.PlayTrailerTest" tests="1" failures="0" timestamp="10 Jan 2021 10:21:43 GMT" time="30.601" errors="0">
  <testcase name="playTrailer" time="30.601" classname="TestCases.PlayTrailerTest"/>
</testsuite> <!-- TestCases.PlayTrailerTest -->
