<?xml version="1.0" encoding="UTF-8"?>
<!-- Generated by org.testng.reporters.JUnitReportReporter -->
<testsuite skipped="0" hostname="DESKTOP-79QFOE9" name="TestCases.PlayerTest" tests="1" failures="0" timestamp="04 Jan 2021 12:27:13 GMT" time="47.756" errors="0">
  <testcase name="basicPlayerFunctionality" time="47.756" classname="TestCases.PlayerTest"/>
</testsuite> <!-- TestCases.PlayerTest -->
