<?xml version="1.0" encoding="UTF-8"?>
<!-- Generated by org.testng.reporters.JUnitReportReporter -->
<testsuite skipped="0" hostname="DESKTOP-79QFOE9" name="TestCases.PlayerSubtileTest" tests="1" failures="0" timestamp="05 Jan 2021 09:07:35 GMT" time="115.005" errors="0">
  <testcase name="listAndPrintTheSelectedAudio" time="115.005" classname="TestCases.PlayerSubtileTest"/>
</testsuite> <!-- TestCases.PlayerSubtileTest -->
