<?xml version="1.0" encoding="UTF-8"?>
<!-- Generated by org.testng.reporters.JUnitReportReporter -->
<testsuite skipped="0" hostname="DESKTOP-79QFOE9" name="TestCases.PlayerAudioTest" tests="1" failures="0" timestamp="05 Jan 2021 07:51:08 GMT" time="23.573" errors="0">
  <testcase name="listAndPrintTheSelectedAudio" time="23.573" classname="TestCases.PlayerAudioTest"/>
</testsuite> <!-- TestCases.PlayerAudioTest -->
