<?xml version="1.0" encoding="UTF-8"?>
<!-- Generated by org.testng.reporters.JUnitReportReporter -->
<testsuite skipped="0" hostname="DESKTOP-79QFOE9" name="TestCases.ForgotPasswordTest" tests="1" failures="0" timestamp="10 Jan 2021 10:04:56 GMT" time="15.269" errors="0">
  <testcase name="forgotPassword" time="15.269" classname="TestCases.ForgotPasswordTest"/>
</testsuite> <!-- TestCases.ForgotPasswordTest -->
