<?xml version="1.0" encoding="UTF-8"?>
<!-- Generated by org.testng.reporters.JUnitReportReporter -->
<testsuite skipped="0" hostname="DESKTOP-79QFOE9" name="TestCases.PlayerSettingsTest" tests="1" failures="0" timestamp="05 Jan 2021 03:58:58 GMT" time="26.031" errors="0">
  <testcase name="listAndSelectTheQuality" time="26.031" classname="TestCases.PlayerSettingsTest"/>
</testsuite> <!-- TestCases.PlayerSettingsTest -->
