<?xml version="1.0" encoding="UTF-8"?>
<!-- Generated by org.testng.reporters.JUnitReportReporter -->
<testsuite skipped="0" hostname="DESKTOP-79QFOE9" name="TestCases.RelatedContentTest" tests="1" failures="0" timestamp="06 Jan 2021 05:20:11 GMT" time="18.509" errors="0">
  <testcase name="relatedContent" time="18.509" classname="TestCases.RelatedContentTest"/>
</testsuite> <!-- TestCases.RelatedContentTest -->
