<?xml version="1.0" encoding="UTF-8"?>
<!-- Generated by org.testng.reporters.JUnitReportReporter -->
<testsuite skipped="0" hostname="DESKTOP-79QFOE9" name="TestCases.PurchaseSeries_RelatedContentTest" tests="1" failures="0" timestamp="05 Jan 2021 10:58:55 GMT" time="50.258" errors="0">
  <testcase name="PurchaseLiveContent" time="50.258" classname="TestCases.PurchaseSeries_RelatedContentTest"/>
</testsuite> <!-- TestCases.PurchaseSeries_RelatedContentTest -->
