<?xml version="1.0" encoding="UTF-8"?>
<!-- Generated by org.testng.reporters.JUnitReportReporter -->
<testsuite skipped="0" hostname="DESKTOP-79QFOE9" name="TestCases.SearchTest" tests="1" failures="0" timestamp="05 Jan 2021 12:06:14 GMT" time="16.371" errors="0">
  <testcase name="search" time="16.371" classname="TestCases.SearchTest"/>
</testsuite> <!-- TestCases.SearchTest -->
