<?xml version="1.0" encoding="UTF-8"?>
<!-- Generated by org.testng.reporters.JUnitReportReporter -->
<testsuite skipped="0" hostname="DESKTOP-79QFOE9" name="TestCases.GoogleSignUpTest" tests="1" failures="0" timestamp="06 Jan 2021 04:02:57 GMT" time="38.557" errors="0">
  <testcase name="googleSignUp" time="38.557" classname="TestCases.GoogleSignUpTest"/>
</testsuite> <!-- TestCases.GoogleSignUpTest -->
