<?xml version="1.0" encoding="UTF-8"?>
<!-- Generated by org.testng.reporters.JUnitReportReporter -->
<testsuite skipped="0" hostname="DESKTOP-79QFOE9" name="TestCases.LoginPageNegetiveCase_WithWrongEmailandPasswordTest" tests="1" failures="0" timestamp="10 Jan 2021 10:11:51 GMT" time="18.498" errors="0">
  <testcase name="LoginPageNegetiveTestCase_WithWrongEmailandPassword" time="18.498" classname="TestCases.LoginPageNegetiveCase_WithWrongEmailandPasswordTest"/>
</testsuite> <!-- TestCases.LoginPageNegetiveCase_WithWrongEmailandPasswordTest -->
