<?xml version="1.0" encoding="UTF-8"?>
<!-- Generated by org.testng.reporters.JUnitReportReporter -->
<testsuite skipped="0" hostname="DESKTOP-79QFOE9" name="TestCases.LoginViaDetailPage" tests="1" failures="0" timestamp="06 Jan 2021 12:54:09 GMT" time="19.906" errors="0">
  <testcase name="login" time="19.906" classname="TestCases.LoginViaDetailPage"/>
</testsuite> <!-- TestCases.LoginViaDetailPage -->
