<?xml version="1.0" encoding="UTF-8"?>
<!-- Generated by org.testng.reporters.JUnitReportReporter -->
<testsuite skipped="0" hostname="DESKTOP-79QFOE9" name="TestCases.PrivacyPolicyTest" tests="1" failures="0" timestamp="06 Jan 2021 03:54:08 GMT" time="13.958" errors="0">
  <testcase name="helpPage" time="13.958" classname="TestCases.PrivacyPolicyTest"/>
</testsuite> <!-- TestCases.PrivacyPolicyTest -->
