<?xml version="1.0" encoding="UTF-8"?>
<!-- Generated by org.testng.reporters.JUnitReportReporter -->
<testsuite skipped="0" hostname="DESKTOP-79QFOE9" name="TestCases.PlayerQualityTest" tests="1" failures="0" timestamp="12 Jan 2021 08:54:51 GMT" time="4.028" errors="0">
  <testcase name="listAndSelectTheQuality" time="4.028" classname="TestCases.PlayerQualityTest"/>
</testsuite> <!-- TestCases.PlayerQualityTest -->
