<?xml version="1.0" encoding="UTF-8"?>
<!-- Generated by org.testng.reporters.JUnitReportReporter -->
<testsuite skipped="0" hostname="DESKTOP-79QFOE9" name="TestCases.LoginPageNegetiveTest_WithoutEnteringtheEmailID" tests="1" failures="0" timestamp="10 Jan 2021 10:11:51 GMT" time="5.561" errors="0">
  <testcase name="LoginPageNegetiveTestCase_WithoutEnteringtheEmailIDandPassword" time="5.561" classname="TestCases.LoginPageNegetiveTest_WithoutEnteringtheEmailID"/>
</testsuite> <!-- TestCases.LoginPageNegetiveTest_WithoutEnteringtheEmailID -->
