<?xml version="1.0" encoding="UTF-8"?>
<!-- Generated by org.testng.reporters.JUnitReportReporter -->
<testsuite skipped="0" hostname="DESKTOP-79QFOE9" name="TestCases.ChangePasswordTest" tests="1" failures="0" timestamp="11 Jan 2021 06:04:10 GMT" time="22.879" errors="0">
  <testcase name="changePasswordTest" time="22.879" classname="TestCases.ChangePasswordTest"/>
</testsuite> <!-- TestCases.ChangePasswordTest -->
