<?xml version="1.0" encoding="UTF-8"?>
<!-- Generated by org.testng.reporters.JUnitReportReporter -->
<testsuite skipped="0" hostname="DESKTOP-79QFOE9" name="TestCases.HelpTest" tests="1" failures="0" timestamp="11 Jan 2021 06:04:10 GMT" time="24.390" errors="0">
  <testcase name="helpPage" time="24.390" classname="TestCases.HelpTest"/>
</testsuite> <!-- TestCases.HelpTest -->
